#-----------------------------------------------------------
# Vivado v2021.1 (64-bit)
# SW Build 3247384 on Thu Jun 10 19:36:33 MDT 2021
# IP Build 3246043 on Fri Jun 11 00:30:35 MDT 2021
# Start of session at: Wed Nov  2 19:19:36 2022
# Process ID: 16872
# Current directory: C:/Joanneum/5. Semester/IECP/files/mic-1-project/verilog/main-memory
# Command line: vivado.exe -gui_launcher_event rodinguilauncherevent19172 C:\Joanneum\5. Semester\IECP\files\mic-1-project\verilog\main-memory\main-memory.xpr
# Log file: C:/Joanneum/5. Semester/IECP/files/mic-1-project/verilog/main-memory/vivado.log
# Journal file: C:/Joanneum/5. Semester/IECP/files/mic-1-project/verilog/main-memory\vivado.jou
#-----------------------------------------------------------
start_gui
open_project -read_only {C:/Joanneum/5. Semester/IECP/files/mic-1-project/verilog/main-memory/main-memory.xpr}
INFO: [Project 1-313] Project file moved from 'C:/Users/user/OneDrive - FH JOANNEUM/5_Semester/ECE-Project/mic-1-project/verilog/main-memory' since last save.
WARNING: [filemgmt 56-2] Default IP Output Path : Could not find the directory 'C:/Joanneum/5. Semester/IECP/files/mic-1-project/verilog/main-memory/main-memory.srcs/sources_1', nor could it be found using path 'C:/Users/user/OneDrive - FH JOANNEUM/5_Semester/ECE-Project/mic-1-project/verilog/main-memory/main-memory.srcs/sources_1'.
WARNING: [filemgmt 56-2] IPUserFilesDir: Could not find the directory 'C:/Joanneum/5. Semester/IECP/files/mic-1-project/verilog/main-memory/main-memory.ip_user_files', nor could it be found using path 'C:/Users/user/OneDrive - FH JOANNEUM/5_Semester/ECE-Project/mic-1-project/verilog/main-memory/main-memory.ip_user_files'.
CRITICAL WARNING: [Project 1-311] Could not find the file 'C:/Joanneum/5. Semester/IECP/files/mic-1-project/verilog/main-memory/main-memory.srcs/sources_1/ip/blk_mem_gen_0/blk_mem_gen_0.xci', nor could it be found using path 'C:/Users/user/OneDrive - FH JOANNEUM/5_Semester/ECE-Project/mic-1-project/verilog/main-memory/main-memory.srcs/sources_1/ip/blk_mem_gen_0/blk_mem_gen_0.xci'.
Scanning sources...
Finished scanning sources
WARNING: [Project 1-509] GeneratedRun file for 'blk_mem_gen_0_synth_1' not found
ERROR: [IP_Flow 19-993] Could not find IP file for IP 'blk_mem_gen_0'.
INFO: [IP_Flow 19-234] Refreshing IP repositories
INFO: [IP_Flow 19-1704] No user IP repositories specified
INFO: [IP_Flow 19-2313] Loaded Vivado IP repository 'C:/Xilinx/Vivado/2021.1/data/ip'.
CRITICAL WARNING: [IP_Flow 19-3933] Unable to construct an IP Instance blk_mem_gen_0 using VLNV :::.
WARNING: [Project 1-229] Project 'main-memory.xpr' is read-only and therefore could not be upgraded for this version of Vivado.  Use 'File | Save Project As...' if you wish to save an upgraded copy.
open_project: Time (s): cpu = 00:00:22 ; elapsed = 00:00:12 . Memory (MB): peak = 1124.965 ; gain = 0.000
ERROR: [Common 17-39] 'open_project' failed due to earlier errors.
update_compile_order -fileset sources_1
