Copyright 1986-2022 Xilinx, Inc. All Rights Reserved.
------------------------------------------------------------------------------------
| Tool Version : Vivado v.2022.2 (win64) Build 3671981 Fri Oct 14 05:00:03 MDT 2022
| Date         : Fri Dec  2 13:21:58 2022
| Host         : DESKTOP-SNAS2Q5 running 64-bit major release  (build 9200)
| Command      : upgrade_ip
| Device       : xc7a35tcpg236-1
------------------------------------------------------------------------------------

Upgrade Log for IP 'UART_GUI_wrapper_0'

1. Summary
----------

SUCCESS in the conversion of UART_GUI_wrapper_0 (xilinx.com:user:UART_GUI_wrapper:1.0 (Rev. 2)) to Vivado generation flows.






Copyright 1986-2022 Xilinx, Inc. All Rights Reserved.
------------------------------------------------------------------------------------
| Tool Version : Vivado v.2022.2 (win64) Build 3671981 Fri Oct 14 05:00:03 MDT 2022
| Date         : Fri Dec  2 13:21:49 2022
| Host         : DESKTOP-SNAS2Q5 running 64-bit major release  (build 9200)
| Command      : upgrade_ip
| Device       : xc7a35tcpg236-1
------------------------------------------------------------------------------------

Upgrade Log for IP 'UART_GUI_wrapper_0'

1. Summary
----------

SUCCESS in the conversion of UART_GUI_wrapper_0 (xilinx.com:user:UART_GUI_wrapper:1.0 (Rev. 2)) to Vivado generation flows.






Copyright 1986-2022 Xilinx, Inc. All Rights Reserved.
------------------------------------------------------------------------------------
| Tool Version : Vivado v.2022.2 (win64) Build 3671981 Fri Oct 14 05:00:03 MDT 2022
| Date         : Fri Dec  2 12:26:41 2022
| Host         : DESKTOP-SNAS2Q5 running 64-bit major release  (build 9200)
| Command      : upgrade_ip
| Device       : xc7a35tcpg236-1
------------------------------------------------------------------------------------

Upgrade Log for IP 'UART_GUI_wrapper_0'

1. Summary
----------

SUCCESS in the conversion of UART_GUI_wrapper_0 (xilinx.com:user:UART_GUI_wrapper:1.0 (Rev. 2)) to Vivado generation flows.






Copyright 1986-2022 Xilinx, Inc. All Rights Reserved.
------------------------------------------------------------------------------------
| Tool Version : Vivado v.2022.2 (win64) Build 3671981 Fri Oct 14 05:00:03 MDT 2022
| Date         : Fri Dec  2 12:22:16 2022
| Host         : DESKTOP-SNAS2Q5 running 64-bit major release  (build 9200)
| Command      : upgrade_ip
| Device       : xc7a35tcpg236-1
------------------------------------------------------------------------------------

Upgrade Log for IP 'clk_wiz_100_to_6MHz'

1. Summary
----------

SUCCESS in the upgrade of clk_wiz_100_to_6MHz (xilinx.com:ip:clk_wiz:6.0) from (Rev. 8) to (Rev. 11)

