#-----------------------------------------------------------
# Vivado v2022.2 (64-bit)
# SW Build 3671981 on Fri Oct 14 05:00:03 MDT 2022
# IP Build 3669848 on Fri Oct 14 08:30:02 MDT 2022
# Start of session at: Thu Jan 12 16:48:57 2023
# Process ID: 28476
# Current directory: C:/Users/emile/OneDrive/files/mic-1-project/verilog/top-level
# Command line: vivado.exe -gui_launcher_event rodinguilauncherevent26488 C:\Users\emile\OneDrive\files\mic-1-project\verilog\top-level\top_level_basys3.xpr
# Log file: C:/Users/emile/OneDrive/files/mic-1-project/verilog/top-level/vivado.log
# Journal file: C:/Users/emile/OneDrive/files/mic-1-project/verilog/top-level\vivado.jou
# Running On: DESKTOP-OIDFPBB, OS: Windows, CPU Frequency: 2592 MHz, CPU Physical cores: 6, Host memory: 16893 MB
#-----------------------------------------------------------
start_gui
open_project C:/Users/emile/OneDrive/files/mic-1-project/verilog/top-level/top_level_basys3.xpr
WARNING: [Board 49-26] cannot add Board Part xilinx.com:kc705:part0:1.6 available at C:/Xilinx/Vivado/2022.2/data/xhub/boards/XilinxBoardStore/boards/Xilinx/kc705/1.6/board.xml as part xc7k325tffg900-2 specified in board_part file is either invalid or not available
WARNING: [Board 49-26] cannot add Board Part xilinx.com:kcu105:part0:1.6 available at C:/Xilinx/Vivado/2022.2/data/xhub/boards/XilinxBoardStore/boards/Xilinx/kcu105/1.6/board.xml as part xcku040-ffva1156-2-e specified in board_part file is either invalid or not available
WARNING: [Board 49-26] cannot add Board Part xilinx.com:kcu105:part0:1.7 available at C:/Xilinx/Vivado/2022.2/data/xhub/boards/XilinxBoardStore/boards/Xilinx/kcu105/1.7/board.xml as part xcku040-ffva1156-2-e specified in board_part file is either invalid or not available
WARNING: [Board 49-26] cannot add Board Part xilinx.com:kcu1500:part0:1.2 available at C:/Xilinx/Vivado/2022.2/data/xhub/boards/XilinxBoardStore/boards/Xilinx/kcu1500/1.2/board.xml as part xcku115-flvb2104-2-e specified in board_part file is either invalid or not available
WARNING: [Board 49-26] cannot add Board Part xilinx.com:vc707:part0:1.4 available at C:/Xilinx/Vivado/2022.2/data/xhub/boards/XilinxBoardStore/boards/Xilinx/vc707/1.4/board.xml as part xc7vx485tffg1761-2 specified in board_part file is either invalid or not available
WARNING: [Board 49-26] cannot add Board Part xilinx.com:vc709:part0:1.8 available at C:/Xilinx/Vivado/2022.2/data/xhub/boards/XilinxBoardStore/boards/Xilinx/vc709/1.8/board.xml as part xc7vx690tffg1761-2 specified in board_part file is either invalid or not available
WARNING: [Board 49-26] cannot add Board Part xilinx.com:vck190:part0:2.2 available at C:/Xilinx/Vivado/2022.2/data/xhub/boards/XilinxBoardStore/boards/Xilinx/vck190/production/2.2/board.xml as part xcvc1902-vsva2197-2mp-e-s specified in board_part file is either invalid or not available
WARNING: [Board 49-26] cannot add Board Part xilinx.com:vck190:part0:3.0 available at C:/Xilinx/Vivado/2022.2/data/xhub/boards/XilinxBoardStore/boards/Xilinx/vck190/production/3.0/board.xml as part xcvc1902-vsva2197-2mp-e-s specified in board_part file is either invalid or not available
WARNING: [Board 49-26] cannot add Board Part xilinx.com:vck190:part0:3.1 available at C:/Xilinx/Vivado/2022.2/data/xhub/boards/XilinxBoardStore/boards/Xilinx/vck190/production/3.1/board.xml as part xcvc1902-vsva2197-2mp-e-s specified in board_part file is either invalid or not available
WARNING: [Board 49-26] cannot add Board Part xilinx.com:vck190_newl:part0:1.0 available at C:/Xilinx/Vivado/2022.2/data/xhub/boards/XilinxBoardStore/boards/Xilinx/vck190_newl/production/1.0/board.xml as part xcvc1902-vsva2197-2mp-e-s specified in board_part file is either invalid or not available
WARNING: [Board 49-26] cannot add Board Part xilinx.com:vcu108:part0:1.6 available at C:/Xilinx/Vivado/2022.2/data/xhub/boards/XilinxBoardStore/boards/Xilinx/vcu108/1.6/board.xml as part xcvu095-ffva2104-2-e specified in board_part file is either invalid or not available
WARNING: [Board 49-26] cannot add Board Part xilinx.com:vcu108:part0:1.7 available at C:/Xilinx/Vivado/2022.2/data/xhub/boards/XilinxBoardStore/boards/Xilinx/vcu108/1.7/board.xml as part xcvu095-ffva2104-2-e specified in board_part file is either invalid or not available
WARNING: [Board 49-26] cannot add Board Part xilinx.com:vcu110:part0:1.4 available at C:/Xilinx/Vivado/2022.2/data/xhub/boards/XilinxBoardStore/boards/Xilinx/vcu110/1.4/board.xml as part xcvu190-flgc2104-2-e specified in board_part file is either invalid or not available
WARNING: [Board 49-26] cannot add Board Part xilinx.com:vcu118:part0:2.0 available at C:/Xilinx/Vivado/2022.2/data/xhub/boards/XilinxBoardStore/boards/Xilinx/vcu118/2.0/board.xml as part xcvu9p-flga2104-2l-e specified in board_part file is either invalid or not available
WARNING: [Board 49-26] cannot add Board Part xilinx.com:vcu118:part0:2.3 available at C:/Xilinx/Vivado/2022.2/data/xhub/boards/XilinxBoardStore/boards/Xilinx/vcu118/2.3/board.xml as part xcvu9p-flga2104-2l-e specified in board_part file is either invalid or not available
WARNING: [Board 49-26] cannot add Board Part xilinx.com:vcu118:part0:2.4 available at C:/Xilinx/Vivado/2022.2/data/xhub/boards/XilinxBoardStore/boards/Xilinx/vcu118/2.4/board.xml as part xcvu9p-flga2104-2l-e specified in board_part file is either invalid or not available
WARNING: [Board 49-26] cannot add Board Part xilinx.com:vcu128:part0:1.0 available at C:/Xilinx/Vivado/2022.2/data/xhub/boards/XilinxBoardStore/boards/Xilinx/vcu128/production/1.0/board.xml as part xcvu37p-fsvh2892-2l-e specified in board_part file is either invalid or not available
WARNING: [Board 49-26] cannot add Board Part xilinx.com:vcu129:part0:1.0 available at C:/Xilinx/Vivado/2022.2/data/xhub/boards/XilinxBoardStore/boards/Xilinx/vcu129/production/1.0/board.xml as part xcvu29p-fsga2577-2l-e specified in board_part file is either invalid or not available
WARNING: [Board 49-26] cannot add Board Part xilinx.com:vcu1525:part0:1.3 available at C:/Xilinx/Vivado/2022.2/data/xhub/boards/XilinxBoardStore/boards/Xilinx/vcu1525/1.3/board.xml as part xcvu9p-fsgd2104-2l-e specified in board_part file is either invalid or not available
WARNING: [Board 49-26] cannot add Board Part xilinx.com:vek280_es:part0:1.0 available at C:/Xilinx/Vivado/2022.2/data/xhub/boards/XilinxBoardStore/boards/Xilinx/vek280/es/1.0/board.xml as part xcve2802-vsvh1760-2lp-e-s-es1 specified in board_part file is either invalid or not available
WARNING: [Board 49-26] cannot add Board Part xilinx.com:vermeo_t1_mpsoc:part0:1.0 available at C:/Xilinx/Vivado/2022.2/data/xhub/boards/XilinxBoardStore/boards/Xilinx/vermeo_t1_mpsoc/1.0/board.xml as part xczu19eg-ffvd1760-2l-e specified in board_part file is either invalid or not available
WARNING: [Board 49-26] cannot add Board Part xilinx.com:vermeo_t1_rfsoc:part0:1.0 available at C:/Xilinx/Vivado/2022.2/data/xhub/boards/XilinxBoardStore/boards/Xilinx/vermeo_t1_rfsoc/1.0/board.xml as part xczu21dr-ffvd1156-2l-e specified in board_part file is either invalid or not available
WARNING: [Board 49-26] cannot add Board Part xilinx.com:vhk158_es:part0:1.0 available at C:/Xilinx/Vivado/2022.2/data/xhub/boards/XilinxBoardStore/boards/Xilinx/vhk158/es/1.0/board.xml as part xcvh1582-vsva3697-2mp-e-s-es1 specified in board_part file is either invalid or not available
WARNING: [Board 49-26] cannot add Board Part xilinx.com:vmk180:part0:2.2 available at C:/Xilinx/Vivado/2022.2/data/xhub/boards/XilinxBoardStore/boards/Xilinx/vmk180/production/2.2/board.xml as part xcvm1802-vsva2197-2mp-e-s specified in board_part file is either invalid or not available
WARNING: [Board 49-26] cannot add Board Part xilinx.com:vmk180:part0:3.0 available at C:/Xilinx/Vivado/2022.2/data/xhub/boards/XilinxBoardStore/boards/Xilinx/vmk180/production/3.0/board.xml as part xcvm1802-vsva2197-2mp-e-s specified in board_part file is either invalid or not available
WARNING: [Board 49-26] cannot add Board Part xilinx.com:vmk180:part0:3.1 available at C:/Xilinx/Vivado/2022.2/data/xhub/boards/XilinxBoardStore/boards/Xilinx/vmk180/production/3.1/board.xml as part xcvm1802-vsva2197-2mp-e-s specified in board_part file is either invalid or not available
WARNING: [Board 49-26] cannot add Board Part xilinx.com:vmk180_newl:part0:1.0 available at C:/Xilinx/Vivado/2022.2/data/xhub/boards/XilinxBoardStore/boards/Xilinx/vmk180_newl/production/1.0/board.xml as part xcvm1802-vsva2197-2mp-e-s specified in board_part file is either invalid or not available
WARNING: [Board 49-26] cannot add Board Part xilinx.com:vpk120:part0:1.0 available at C:/Xilinx/Vivado/2022.2/data/xhub/boards/XilinxBoardStore/boards/Xilinx/vpk120/production/1.0/board.xml as part xcvp1202-vsva2785-2mp-e-s specified in board_part file is either invalid or not available
WARNING: [Board 49-26] cannot add Board Part xilinx.com:vpk120_es:part0:1.2 available at C:/Xilinx/Vivado/2022.2/data/xhub/boards/XilinxBoardStore/boards/Xilinx/vpk120/es/1.2/board.xml as part xcvp1202-vsva2785-2mp-e-s-es1 specified in board_part file is either invalid or not available
WARNING: [Board 49-26] cannot add Board Part xilinx.com:vpk120_es_revb:part0:1.0 available at C:/Xilinx/Vivado/2022.2/data/xhub/boards/XilinxBoardStore/boards/Xilinx/vpk120_revb/es/1.0/board.xml as part xcvp1202-vsva2785-2mp-e-s-es1 specified in board_part file is either invalid or not available
WARNING: [Board 49-26] cannot add Board Part xilinx.com:vpk180_es:part0:1.0 available at C:/Xilinx/Vivado/2022.2/data/xhub/boards/XilinxBoardStore/boards/Xilinx/vpk180/es/1.0/board.xml as part xcvp1802-lsvc4072-2mp-e-s-es1 specified in board_part file is either invalid or not available
WARNING: [Board 49-26] cannot add Board Part xilinx.com:zc706:part0:1.4 available at C:/Xilinx/Vivado/2022.2/data/xhub/boards/XilinxBoardStore/boards/Xilinx/zc706/1.4/board.xml as part xc7z045ffg900-2 specified in board_part file is either invalid or not available
WARNING: [Board 49-26] cannot add Board Part xilinx.com:zcu102:part0:3.3 available at C:/Xilinx/Vivado/2022.2/data/xhub/boards/XilinxBoardStore/boards/Xilinx/zcu102/3.3/board.xml as part xczu9eg-ffvb1156-2-e specified in board_part file is either invalid or not available
WARNING: [Board 49-26] cannot add Board Part xilinx.com:zcu102:part0:3.4 available at C:/Xilinx/Vivado/2022.2/data/xhub/boards/XilinxBoardStore/boards/Xilinx/zcu102/3.4/board.xml as part xczu9eg-ffvb1156-2-e specified in board_part file is either invalid or not available
WARNING: [Board 49-26] cannot add Board Part xilinx.com:zcu111:part0:1.2 available at C:/Xilinx/Vivado/2022.2/data/xhub/boards/XilinxBoardStore/boards/Xilinx/zcu111/1.2/board.xml as part xczu28dr-ffvg1517-2-e specified in board_part file is either invalid or not available
WARNING: [Board 49-26] cannot add Board Part xilinx.com:zcu111:part0:1.3 available at C:/Xilinx/Vivado/2022.2/data/xhub/boards/XilinxBoardStore/boards/Xilinx/zcu111/1.3/board.xml as part xczu28dr-ffvg1517-2-e specified in board_part file is either invalid or not available
WARNING: [Board 49-26] cannot add Board Part xilinx.com:zcu111:part0:1.4 available at C:/Xilinx/Vivado/2022.2/data/xhub/boards/XilinxBoardStore/boards/Xilinx/zcu111/1.4/board.xml as part xczu28dr-ffvg1517-2-e specified in board_part file is either invalid or not available
WARNING: [Board 49-26] cannot add Board Part xilinx.com:zcu1275:part0:1.0 available at C:/Xilinx/Vivado/2022.2/data/xhub/boards/XilinxBoardStore/boards/Xilinx/zcu1275/1.0/board.xml as part xczu29dr-ffvf1760-2-e specified in board_part file is either invalid or not available
WARNING: [Board 49-26] cannot add Board Part xilinx.com:zcu1285:part0:1.0 available at C:/Xilinx/Vivado/2022.2/data/xhub/boards/XilinxBoardStore/boards/Xilinx/zcu1285/1.0/board.xml as part xczu39dr-ffvf1760-2-i specified in board_part file is either invalid or not available
WARNING: [Board 49-26] cannot add Board Part xilinx.com:zcu208:part0:2.0 available at C:/Xilinx/Vivado/2022.2/data/xhub/boards/XilinxBoardStore/boards/Xilinx/zcu208/production/2.0/board.xml as part xczu48dr-fsvg1517-2-e specified in board_part file is either invalid or not available
WARNING: [Board 49-26] cannot add Board Part xilinx.com:zcu208ld:part0:2.0 available at C:/Xilinx/Vivado/2022.2/data/xhub/boards/XilinxBoardStore/boards/Xilinx/zcu208ld/production/2.0/board.xml as part xczu58dr-fsvg1517-2-i specified in board_part file is either invalid or not available
WARNING: [Board 49-26] cannot add Board Part xilinx.com:zcu216:part0:2.0 available at C:/Xilinx/Vivado/2022.2/data/xhub/boards/XilinxBoardStore/boards/Xilinx/zcu216/production/2.0/board.xml as part xczu49dr-ffvf1760-2-e specified in board_part file is either invalid or not available
WARNING: [Board 49-26] cannot add Board Part xilinx.com:zcu216ld:part0:2.0 available at C:/Xilinx/Vivado/2022.2/data/xhub/boards/XilinxBoardStore/boards/Xilinx/zcu216ld/production/2.0/board.xml as part xczu59dr-ffvf1760-2-i specified in board_part file is either invalid or not available
WARNING: [Board 49-26] cannot add Board Part xilinx.com:zcu670:part0:2.0 available at C:/Xilinx/Vivado/2022.2/data/xhub/boards/XilinxBoardStore/boards/Xilinx/zcu670/2.0/board.xml as part xczu67dr-fsve1156-2-i specified in board_part file is either invalid or not available
WARNING: [Board 49-26] cannot add Board Part xilinx.com:zcu670ld:part0:1.0 available at C:/Xilinx/Vivado/2022.2/data/xhub/boards/XilinxBoardStore/boards/Xilinx/zcu670ld/1.0/board.xml as part xczu57dr-fsve1156-2-i specified in board_part file is either invalid or not available
INFO: [Project 1-313] Project file moved from 'C:/Users/emile/OneDrive/Unief/Erasmus/Courses/ECE Project/files/mic-1-project/verilog/top-level' since last save.
WARNING: [filemgmt 56-2] IP Repository Path: Could not find the directory 'C:/Users/emile/Users/faizs/Desktop/IPCORE_UART_MUX', nor could it be found using path 'C:/Users/emile/OneDrive/Unief/Erasmus/Courses/Users/faizs/Desktop/IPCORE_UART_MUX'.
WARNING: [filemgmt 56-2] IP Repository Path: Could not find the directory 'C:/Users/emile/Users/faizs/Desktop/3_ip_core_32bit', nor could it be found using path 'C:/Users/emile/OneDrive/Unief/Erasmus/Courses/Users/faizs/Desktop/3_ip_core_32bit'.
INFO: [filemgmt 56-1] IP Repository Path: Directory not found as 'C:/../../Downloads/VGA_IP_Core'; using path 'C:/Users/emile/Downloads/VGA_IP_Core' instead.
WARNING: [Project 1-312] File not found as 'C:/Users/emile/OneDrive/project_1/project_1.srcs/sources_1/new/data_to_address.mem'; using path 'C:/Users/emile/OneDrive/Unief/Erasmus/Courses/ECE Project/project_1/project_1.srcs/sources_1/new/data_to_address.mem' instead.
WARNING: [Project 1-312] File not found as 'C:/Users/emile/OneDrive/project_1/project_1.srcs/sources_1/new/static_mems.mem'; using path 'C:/Users/emile/OneDrive/Unief/Erasmus/Courses/ECE Project/project_1/project_1.srcs/sources_1/new/static_mems.mem' instead.
Scanning sources...
Finished scanning sources
INFO: [IP_Flow 19-234] Refreshing IP repositories
WARNING: [IP_Flow 19-2248] Failed to load user IP repository 'c:/Users/emile/Users/faizs/Desktop/IPCORE_UART_MUX'; Can't find the specified path.
If this directory should no longer be in your list of user repositories, go to the IP Settings dialog and remove it.
INFO: [IP_Flow 19-1700] Loaded user IP repository 'c:/Users/emile/OneDrive/files/IPCORE_UART_MUX/src/UART_GUI_IP006_uart_reg32_0_0'.
INFO: [IP_Flow 19-1700] Loaded user IP repository 'c:/Users/emile/OneDrive/files/3_ip_core_32bit'.
WARNING: [IP_Flow 19-2248] Failed to load user IP repository 'c:/Users/emile/Users/faizs/Desktop/3_ip_core_32bit'; Can't find the specified path.
If this directory should no longer be in your list of user repositories, go to the IP Settings dialog and remove it.
INFO: [IP_Flow 19-1700] Loaded user IP repository 'c:/Users/emile/Downloads/VGA_IP_Core'.
INFO: [IP_Flow 19-2313] Loaded Vivado IP repository 'C:/Xilinx/Vivado/2022.2/data/ip'.
WARNING: [IP_Flow 19-1663] Duplicate IP found for 'xilinx.com:user:VGA_IP:1.0'. The one found in IP location 'c:/Users/emile/Downloads/VGA_IP_Core' will take precedence over the same IP in location c:/Users/emile/Downloads/VGA_IP_Core/VGA_IP_Core
open_project: Time (s): cpu = 00:00:13 ; elapsed = 00:00:11 . Memory (MB): peak = 1167.574 ; gain = 362.703
update_compile_order -fileset sources_1
reset_run impl_1
launch_runs impl_1 -to_step write_bitstream -jobs 12
[Thu Jan 12 16:49:33 2023] Launched impl_1...
Run output will be captured here: C:/Users/emile/OneDrive/files/mic-1-project/verilog/top-level/top_level_basys3.runs/impl_1/runme.log
open_hw_manager
connect_hw_server -allow_non_jtag
INFO: [Labtools 27-2285] Connecting to hw_server url TCP:localhost:3121
INFO: [Labtools 27-2222] Launching hw_server...
INFO: [Labtools 27-2221] Launch Output:

****** Xilinx hw_server v2022.2
  **** Build date : Oct 14 2022 at 05:18:10
    ** Copyright 1986-2022 Xilinx, Inc. All Rights Reserved.


INFO: [Labtools 27-3415] Connecting to cs_server url TCP:localhost:0
INFO: [Labtools 27-3417] Launching cs_server...
INFO: [Labtools 27-2221] Launch Output:


******** Xilinx cs_server v2022.2.0
  ****** Build date   : Oct 05 2022-01:25:37
    **** Build number : 2022.2.1664925937
      ** Copyright 2017-2023 Xilinx, Inc. All Rights Reserved.



connect_hw_server: Time (s): cpu = 00:00:00 ; elapsed = 00:00:07 . Memory (MB): peak = 1181.664 ; gain = 2.301
open_hw_target
INFO: [Labtoolstcl 44-466] Opening hw_target localhost:3121/xilinx_tcf/Digilent/210183A388B5A
open_hw_target: Time (s): cpu = 00:00:06 ; elapsed = 00:00:07 . Memory (MB): peak = 3357.121 ; gain = 2175.457
set_property PROGRAM.FILE {C:/Users/emile/OneDrive/files/mic-1-project/verilog/top-level/top_level_basys3.runs/impl_1/mic1_basys3.bit} [get_hw_devices xc7a35t_0]
set_property PROBES.FILE {C:/Users/emile/OneDrive/files/mic-1-project/verilog/top-level/top_level_basys3.runs/impl_1/mic1_basys3.ltx} [get_hw_devices xc7a35t_0]
set_property FULL_PROBES.FILE {C:/Users/emile/OneDrive/files/mic-1-project/verilog/top-level/top_level_basys3.runs/impl_1/mic1_basys3.ltx} [get_hw_devices xc7a35t_0]
current_hw_device [get_hw_devices xc7a35t_0]
refresh_hw_device [lindex [get_hw_devices xc7a35t_0] 0]
INFO: [Labtools 27-1435] Device xc7a35t (JTAG device index = 0) is not programmed (DONE status = 0).
set_property PROBES.FILE {C:/Users/emile/OneDrive/files/mic-1-project/verilog/top-level/top_level_basys3.runs/impl_1/mic1_basys3.ltx} [get_hw_devices xc7a35t_0]
set_property FULL_PROBES.FILE {C:/Users/emile/OneDrive/files/mic-1-project/verilog/top-level/top_level_basys3.runs/impl_1/mic1_basys3.ltx} [get_hw_devices xc7a35t_0]
set_property PROGRAM.FILE {C:/Users/emile/OneDrive/files/mic-1-project/verilog/top-level/top_level_basys3.runs/impl_1/mic1_basys3.bit} [get_hw_devices xc7a35t_0]
program_hw_devices [get_hw_devices xc7a35t_0]
INFO: [Labtools 27-3164] End of startup status: HIGH
refresh_hw_device [lindex [get_hw_devices xc7a35t_0] 0]
INFO: [Labtools 27-2302] Device xc7a35t (JTAG device index = 0) is programmed with a design that has 1 VIO core(s).
ERROR: [Labtoolstcl 44-513] HW Target shutdown. Closing target: localhost:3121/xilinx_tcf/Digilent/210183A388B5A
disconnect_hw_server localhost:3121
connect_hw_server -allow_non_jtag
INFO: [Labtools 27-2285] Connecting to hw_server url TCP:localhost:3121
INFO: [Labtools 27-3415] Connecting to cs_server url TCP:localhost:0
INFO: [Labtools 27-3417] Launching cs_server...
INFO: [Labtools 27-2221] Launch Output:


******** Xilinx cs_server v2022.2.0
  ****** Build date   : Oct 05 2022-01:25:37
    **** Build number : 2022.2.1664925937
      ** Copyright 2017-2023 Xilinx, Inc. All Rights Reserved.



open_hw_target
INFO: [Labtoolstcl 44-466] Opening hw_target localhost:3121/xilinx_tcf/Digilent/210183A388B5A
set_property PROGRAM.FILE {C:/Users/emile/OneDrive/files/mic-1-project/verilog/top-level/top_level_basys3.runs/impl_1/mic1_basys3.bit} [get_hw_devices xc7a35t_0]
set_property PROBES.FILE {C:/Users/emile/OneDrive/files/mic-1-project/verilog/top-level/top_level_basys3.runs/impl_1/mic1_basys3.ltx} [get_hw_devices xc7a35t_0]
set_property FULL_PROBES.FILE {C:/Users/emile/OneDrive/files/mic-1-project/verilog/top-level/top_level_basys3.runs/impl_1/mic1_basys3.ltx} [get_hw_devices xc7a35t_0]
current_hw_device [get_hw_devices xc7a35t_0]
refresh_hw_device [lindex [get_hw_devices xc7a35t_0] 0]
INFO: [Labtools 27-1435] Device xc7a35t (JTAG device index = 0) is not programmed (DONE status = 0).
set_property PROBES.FILE {C:/Users/emile/OneDrive/files/mic-1-project/verilog/top-level/top_level_basys3.runs/impl_1/mic1_basys3.ltx} [get_hw_devices xc7a35t_0]
set_property FULL_PROBES.FILE {C:/Users/emile/OneDrive/files/mic-1-project/verilog/top-level/top_level_basys3.runs/impl_1/mic1_basys3.ltx} [get_hw_devices xc7a35t_0]
set_property PROGRAM.FILE {C:/Users/emile/OneDrive/files/mic-1-project/verilog/top-level/top_level_basys3.runs/impl_1/mic1_basys3.bit} [get_hw_devices xc7a35t_0]
program_hw_devices [get_hw_devices xc7a35t_0]
INFO: [Labtools 27-3164] End of startup status: HIGH
refresh_hw_device [lindex [get_hw_devices xc7a35t_0] 0]
INFO: [Labtools 27-2302] Device xc7a35t (JTAG device index = 0) is programmed with a design that has 1 VIO core(s).
close_hw_manager
export_ip_user_files -of_objects  [get_files C:/Users/emile/OneDrive/files/mic-1-project/verilog/top-level/top_level_basys3.srcs/sources_1/new/chars.mem] -no_script -reset -force -quiet
remove_files  C:/Users/emile/OneDrive/files/mic-1-project/verilog/top-level/top_level_basys3.srcs/sources_1/new/chars.mem
add_files -norecurse C:/Users/emile/Downloads/chars.mem
reset_run impl_1 -prev_step 
launch_runs impl_1 -to_step write_bitstream -jobs 12
[Thu Jan 12 16:59:44 2023] Launched impl_1...
Run output will be captured here: C:/Users/emile/OneDrive/files/mic-1-project/verilog/top-level/top_level_basys3.runs/impl_1/runme.log
open_hw_manager
connect_hw_server -allow_non_jtag
INFO: [Labtools 27-2285] Connecting to hw_server url TCP:localhost:3121
INFO: [Labtools 27-2222] Launching hw_server...
INFO: [Labtools 27-2221] Launch Output:

****** Xilinx hw_server v2022.2
  **** Build date : Oct 14 2022 at 05:18:10
    ** Copyright 1986-2022 Xilinx, Inc. All Rights Reserved.


INFO: [Labtools 27-3415] Connecting to cs_server url TCP:localhost:0
INFO: [Labtools 27-3417] Launching cs_server...
INFO: [Labtools 27-2221] Launch Output:


******** Xilinx cs_server v2022.2.0
  ****** Build date   : Oct 05 2022-01:25:37
    **** Build number : 2022.2.1664925937
      ** Copyright 2017-2023 Xilinx, Inc. All Rights Reserved.



connect_hw_server: Time (s): cpu = 00:00:01 ; elapsed = 00:00:07 . Memory (MB): peak = 3436.957 ; gain = 0.000
open_hw_target
INFO: [Labtoolstcl 44-466] Opening hw_target localhost:3121/xilinx_tcf/Digilent/210183A388B5A
set_property PROGRAM.FILE {C:/Users/emile/OneDrive/files/mic-1-project/verilog/top-level/top_level_basys3.runs/impl_1/mic1_basys3.bit} [get_hw_devices xc7a35t_0]
set_property PROBES.FILE {C:/Users/emile/OneDrive/files/mic-1-project/verilog/top-level/top_level_basys3.runs/impl_1/mic1_basys3.ltx} [get_hw_devices xc7a35t_0]
set_property FULL_PROBES.FILE {C:/Users/emile/OneDrive/files/mic-1-project/verilog/top-level/top_level_basys3.runs/impl_1/mic1_basys3.ltx} [get_hw_devices xc7a35t_0]
current_hw_device [get_hw_devices xc7a35t_0]
refresh_hw_device [lindex [get_hw_devices xc7a35t_0] 0]
INFO: [Labtools 27-2302] Device xc7a35t (JTAG device index = 0) is programmed with a design that has 1 VIO core(s).
ERROR: [Xicom 50-38] xicom: Unable to connect to debug core(s) on the target device. Check cable connectivity and that the target board is powered up then use the disconnect_hw_server and connect_hw_server to re-initialize the hardware target. Use open_hw_target to re-register the hardware device.
ERROR: [Labtoolstcl 44-513] HW Target shutdown. Closing target: localhost:3121/xilinx_tcf/Digilent/210183A388B5A
INFO: [Labtoolstcl 44-466] Opening hw_target localhost:3121/xilinx_tcf/Digilent/210183A388B5A
INFO: [Labtools 27-1435] Device xc7a35t (JTAG device index = 0) is not programmed (DONE status = 0).
WARNING: [Labtoolstcl 44-129] No matching hw_ila_data was found.
set_property PROBES.FILE {C:/Users/emile/OneDrive/files/mic-1-project/verilog/top-level/top_level_basys3.runs/impl_1/mic1_basys3.ltx} [get_hw_devices xc7a35t_0]
WARNING: [Labtools 27-1428] Failed writing XML file 'C:/Users/emile/OneDrive/files/mic-1-project/verilog/top-level/top_level_basys3.hw/hw_1/hw.xml'
Resolution: Check the file and directory permissions to ensure the file can be written to the specified path.
set_property FULL_PROBES.FILE {C:/Users/emile/OneDrive/files/mic-1-project/verilog/top-level/top_level_basys3.runs/impl_1/mic1_basys3.ltx} [get_hw_devices xc7a35t_0]
set_property PROGRAM.FILE {C:/Users/emile/OneDrive/files/mic-1-project/verilog/top-level/top_level_basys3.runs/impl_1/mic1_basys3.bit} [get_hw_devices xc7a35t_0]
program_hw_devices [get_hw_devices xc7a35t_0]
INFO: [Labtools 27-3164] End of startup status: HIGH
refresh_hw_device [lindex [get_hw_devices xc7a35t_0] 0]
INFO: [Labtools 27-2302] Device xc7a35t (JTAG device index = 0) is programmed with a design that has 1 VIO core(s).
close_hw_manager
synth_design -rtl -rtl_skip_mlo -name rtl_1
Command: synth_design -rtl -rtl_skip_mlo -name rtl_1
Starting synth_design
Using part: xc7a35tcpg236-1
Top: mic1_basys3
INFO: [Device 21-403] Loading part xc7a35tcpg236-1
INFO: [Synth 8-11241] undeclared symbol 'REGCCE', assumed default net type 'wire' [C:/Xilinx/Vivado/2022.2/data/verilog/src/unimacro/BRAM_SINGLE_MACRO.v:2170]
WARNING: [Synth 8-11014] non-net output port 'rdata' cannot be initialized at declaration in SystemVerilog mode [C:/Users/emile/OneDrive/files/mic-1-project/verilog/control-store/rtl/control_store.sv:9]
WARNING: [Synth 8-11121] redeclaration of ANSI port 'RX_UART' is not allowed [C:/Users/emile/OneDrive/files/mic-1-project/verilog/top-level/top_level_basys3.srcs/sources_1/imports/src/MUX_DEMUX.v:12]
WARNING: [Synth 8-11121] redeclaration of ANSI port 'RX_MIC' is not allowed [C:/Users/emile/OneDrive/files/mic-1-project/verilog/top-level/top_level_basys3.srcs/sources_1/imports/src/MUX_DEMUX.v:12]
WARNING: [Synth 8-11121] redeclaration of ANSI port 'RX_GUI' is not allowed [C:/Users/emile/OneDrive/files/mic-1-project/verilog/top-level/top_level_basys3.srcs/sources_1/imports/src/MUX_DEMUX.v:12]
---------------------------------------------------------------------------------
Starting RTL Elaboration : Time (s): cpu = 00:00:04 ; elapsed = 00:00:06 . Memory (MB): peak = 4189.707 ; gain = 403.016
---------------------------------------------------------------------------------
INFO: [Synth 8-6157] synthesizing module 'mic1_basys3' [C:/Users/emile/OneDrive/files/mic-1-project/verilog/top-level/rtl/mic1_basys3.sv:5]
WARNING: [Synth 8-4446] all outputs are unconnected for this instance and logic may be removed [C:/Users/emile/OneDrive/files/mic-1-project/verilog/top-level/rtl/mic1_basys3.sv:90]
INFO: [Synth 8-6157] synthesizing module 'vio_0' [C:/Users/emile/OneDrive/files/mic-1-project/verilog/top-level/.Xil/Vivado-28476-DESKTOP-OIDFPBB/realtime/vio_0_stub.v:5]
INFO: [Synth 8-6155] done synthesizing module 'vio_0' (0#1) [C:/Users/emile/OneDrive/files/mic-1-project/verilog/top-level/.Xil/Vivado-28476-DESKTOP-OIDFPBB/realtime/vio_0_stub.v:5]
INFO: [Synth 8-6157] synthesizing module 'VGA_IP_0' [C:/Users/emile/OneDrive/files/mic-1-project/verilog/top-level/.Xil/Vivado-28476-DESKTOP-OIDFPBB/realtime/VGA_IP_0_stub.v:5]
INFO: [Synth 8-6155] done synthesizing module 'VGA_IP_0' (0#1) [C:/Users/emile/OneDrive/files/mic-1-project/verilog/top-level/.Xil/Vivado-28476-DESKTOP-OIDFPBB/realtime/VGA_IP_0_stub.v:5]
INFO: [Synth 8-6157] synthesizing module 'synchronizer' [C:/Users/emile/OneDrive/files/mic-1-project/verilog/util/rtl/synchronizer.sv:1]
INFO: [Synth 8-6155] done synthesizing module 'synchronizer' (0#1) [C:/Users/emile/OneDrive/files/mic-1-project/verilog/util/rtl/synchronizer.sv:1]
INFO: [Synth 8-6157] synthesizing module 'debouncer' [C:/Users/emile/OneDrive/files/mic-1-project/verilog/util/rtl/debouncer.sv:1]
	Parameter MAX_COUNT bound to: 511 - type: integer 
INFO: [Synth 8-6155] done synthesizing module 'debouncer' (0#1) [C:/Users/emile/OneDrive/files/mic-1-project/verilog/util/rtl/debouncer.sv:1]
INFO: [Synth 8-6157] synthesizing module 'edge_detection' [C:/Users/emile/OneDrive/files/mic-1-project/verilog/util/rtl/edge_detection.sv:1]
INFO: [Synth 8-6155] done synthesizing module 'edge_detection' (0#1) [C:/Users/emile/OneDrive/files/mic-1-project/verilog/util/rtl/edge_detection.sv:1]
INFO: [Synth 8-6157] synthesizing module 'mic1_soc' [C:/Users/emile/OneDrive/files/mic-1-project/verilog/top-level/rtl/mic1_soc.sv:3]
	Parameter STACKPOINTER_ADDRESS bound to: 91 - type: integer 
	Parameter LOCALVARIABLEFRAME_ADDRESS bound to: 75 - type: integer 
	Parameter CONSTANTPOOL_ADDRESS bound to: 72 - type: integer 
	Parameter MIC1_PROGRAM bound to: add.mem - type: string 
	Parameter MIC1_MICROCODE bound to: microcode.mem - type: string 
	Parameter MEMORY_SIZE bound to: 139 - type: integer 
INFO: [Synth 8-6157] synthesizing module 'mic1' [C:/Users/emile/OneDrive/files/mic-1-project/verilog/top-level/rtl/mic1.sv:3]
	Parameter STACKPOINTER_ADDRESS bound to: 91 - type: integer 
	Parameter LOCALVARIABLEFRAME_ADDRESS bound to: 75 - type: integer 
	Parameter CONSTANTPOOL_ADDRESS bound to: 72 - type: integer 
INFO: [Synth 8-6157] synthesizing module 'alu' [C:/Users/emile/OneDrive/files/mic-1-project/verilog/alu/rtl/alu.sv:1]
INFO: [Synth 8-6155] done synthesizing module 'alu' (0#1) [C:/Users/emile/OneDrive/files/mic-1-project/verilog/alu/rtl/alu.sv:1]
INFO: [Synth 8-6157] synthesizing module 'shifter' [C:/Users/emile/OneDrive/files/mic-1-project/verilog/shifter/rtl/shifter.sv:1]
INFO: [Synth 8-6155] done synthesizing module 'shifter' (0#1) [C:/Users/emile/OneDrive/files/mic-1-project/verilog/shifter/rtl/shifter.sv:1]
INFO: [Synth 8-6155] done synthesizing module 'mic1' (0#1) [C:/Users/emile/OneDrive/files/mic-1-project/verilog/top-level/rtl/mic1.sv:3]
INFO: [Synth 8-6157] synthesizing module 'uart_baud' [C:/Users/emile/OneDrive/files/mic-1-project/verilog/uart/rtl/uart_baud.sv:11]
	Parameter CNT_W bound to: 24 - type: integer 
	Parameter CNT_INC bound to: 24'b000001101000110110111001 
INFO: [Synth 8-6155] done synthesizing module 'uart_baud' (0#1) [C:/Users/emile/OneDrive/files/mic-1-project/verilog/uart/rtl/uart_baud.sv:11]
INFO: [Synth 8-6157] synthesizing module 'uart_rx' [C:/Users/emile/OneDrive/files/mic-1-project/verilog/uart/rtl/uart_rx.sv:8]
INFO: [Synth 8-6155] done synthesizing module 'uart_rx' (0#1) [C:/Users/emile/OneDrive/files/mic-1-project/verilog/uart/rtl/uart_rx.sv:8]
INFO: [Synth 8-6157] synthesizing module 'uart_tx' [C:/Users/emile/OneDrive/files/mic-1-project/verilog/uart/rtl/uart_tx.sv:8]
INFO: [Synth 8-155] case statement is not full and has no default [C:/Users/emile/OneDrive/files/mic-1-project/verilog/uart/rtl/uart_tx.sv:54]
INFO: [Synth 8-6155] done synthesizing module 'uart_tx' (0#1) [C:/Users/emile/OneDrive/files/mic-1-project/verilog/uart/rtl/uart_tx.sv:8]
INFO: [Synth 8-6157] synthesizing module 'control_store' [C:/Users/emile/OneDrive/files/mic-1-project/verilog/control-store/rtl/control_store.sv:3]
	Parameter INIT_F bound to: microcode.mem - type: string 
INFO: [Synth 8-251] Loading microprogram microcode.mem into control_store. [C:/Users/emile/OneDrive/files/mic-1-project/verilog/control-store/rtl/control_store.sv:16]
INFO: [Synth 8-3876] $readmem data file 'microcode.mem' is read successfully [C:/Users/emile/OneDrive/files/mic-1-project/verilog/control-store/rtl/control_store.sv:17]
INFO: [Synth 8-6155] done synthesizing module 'control_store' (0#1) [C:/Users/emile/OneDrive/files/mic-1-project/verilog/control-store/rtl/control_store.sv:3]
INFO: [Synth 8-6157] synthesizing module 'main_memory' [C:/Users/emile/OneDrive/files/mic-1-project/verilog/top-level/top_level_basys3.srcs/sources_1/imports/rtl/main_memory.sv:3]
	Parameter INIT_F bound to: add.mem - type: string 
	Parameter MEMORY_SIZE bound to: 139 - type: integer 
INFO: [Synth 8-251] Loading program add.mem into main_memory. [C:/Users/emile/OneDrive/files/mic-1-project/verilog/top-level/top_level_basys3.srcs/sources_1/imports/rtl/main_memory.sv:18]
INFO: [Synth 8-3876] $readmem data file 'add.mem' is read successfully [C:/Users/emile/OneDrive/files/mic-1-project/verilog/top-level/top_level_basys3.srcs/sources_1/imports/rtl/main_memory.sv:19]
INFO: [Synth 8-6155] done synthesizing module 'main_memory' (0#1) [C:/Users/emile/OneDrive/files/mic-1-project/verilog/top-level/top_level_basys3.srcs/sources_1/imports/rtl/main_memory.sv:3]
INFO: [Synth 8-6157] synthesizing module 'memory_manager' [C:/Users/emile/OneDrive/files/mic-1-project/verilog/top-level/top_level_basys3.srcs/sources_1/new/memory_manager.sv:25]
INFO: [Synth 8-6155] done synthesizing module 'memory_manager' (0#1) [C:/Users/emile/OneDrive/files/mic-1-project/verilog/top-level/top_level_basys3.srcs/sources_1/new/memory_manager.sv:25]
INFO: [Synth 8-6155] done synthesizing module 'mic1_soc' (0#1) [C:/Users/emile/OneDrive/files/mic-1-project/verilog/top-level/rtl/mic1_soc.sv:3]
WARNING: [Synth 8-689] width (32) of port connection 'w_en' does not match port width (1) of module 'mic1_soc' [C:/Users/emile/OneDrive/files/mic-1-project/verilog/top-level/rtl/mic1_basys3.sv:231]
WARNING: [Synth 8-689] width (32) of port connection 'r_en' does not match port width (1) of module 'mic1_soc' [C:/Users/emile/OneDrive/files/mic-1-project/verilog/top-level/rtl/mic1_basys3.sv:232]
INFO: [Synth 8-6157] synthesizing module 'IP006_uart_reg32_0' [C:/Users/emile/OneDrive/files/mic-1-project/verilog/top-level/.Xil/Vivado-28476-DESKTOP-OIDFPBB/realtime/IP006_uart_reg32_0_stub.v:5]
INFO: [Synth 8-6155] done synthesizing module 'IP006_uart_reg32_0' (0#1) [C:/Users/emile/OneDrive/files/mic-1-project/verilog/top-level/.Xil/Vivado-28476-DESKTOP-OIDFPBB/realtime/IP006_uart_reg32_0_stub.v:5]
WARNING: [Synth 8-7071] port 'input_read' of module 'IP006_uart_reg32_0' is unconnected for instance 'uart_reg' [C:/Users/emile/OneDrive/files/mic-1-project/verilog/top-level/rtl/mic1_basys3.sv:251]
WARNING: [Synth 8-7071] port 'output_read' of module 'IP006_uart_reg32_0' is unconnected for instance 'uart_reg' [C:/Users/emile/OneDrive/files/mic-1-project/verilog/top-level/rtl/mic1_basys3.sv:251]
WARNING: [Synth 8-7071] port 'output_written' of module 'IP006_uart_reg32_0' is unconnected for instance 'uart_reg' [C:/Users/emile/OneDrive/files/mic-1-project/verilog/top-level/rtl/mic1_basys3.sv:251]
WARNING: [Synth 8-7071] port 'reg004' of module 'IP006_uart_reg32_0' is unconnected for instance 'uart_reg' [C:/Users/emile/OneDrive/files/mic-1-project/verilog/top-level/rtl/mic1_basys3.sv:251]
WARNING: [Synth 8-7071] port 'reg005' of module 'IP006_uart_reg32_0' is unconnected for instance 'uart_reg' [C:/Users/emile/OneDrive/files/mic-1-project/verilog/top-level/rtl/mic1_basys3.sv:251]
WARNING: [Synth 8-7071] port 'reg006' of module 'IP006_uart_reg32_0' is unconnected for instance 'uart_reg' [C:/Users/emile/OneDrive/files/mic-1-project/verilog/top-level/rtl/mic1_basys3.sv:251]
WARNING: [Synth 8-7071] port 'reg007' of module 'IP006_uart_reg32_0' is unconnected for instance 'uart_reg' [C:/Users/emile/OneDrive/files/mic-1-project/verilog/top-level/rtl/mic1_basys3.sv:251]
WARNING: [Synth 8-7071] port 'reg008' of module 'IP006_uart_reg32_0' is unconnected for instance 'uart_reg' [C:/Users/emile/OneDrive/files/mic-1-project/verilog/top-level/rtl/mic1_basys3.sv:251]
WARNING: [Synth 8-7071] port 'reg009' of module 'IP006_uart_reg32_0' is unconnected for instance 'uart_reg' [C:/Users/emile/OneDrive/files/mic-1-project/verilog/top-level/rtl/mic1_basys3.sv:251]
WARNING: [Synth 8-7071] port 'reg00A' of module 'IP006_uart_reg32_0' is unconnected for instance 'uart_reg' [C:/Users/emile/OneDrive/files/mic-1-project/verilog/top-level/rtl/mic1_basys3.sv:251]
WARNING: [Synth 8-7071] port 'reg00B' of module 'IP006_uart_reg32_0' is unconnected for instance 'uart_reg' [C:/Users/emile/OneDrive/files/mic-1-project/verilog/top-level/rtl/mic1_basys3.sv:251]
WARNING: [Synth 8-7071] port 'reg00C' of module 'IP006_uart_reg32_0' is unconnected for instance 'uart_reg' [C:/Users/emile/OneDrive/files/mic-1-project/verilog/top-level/rtl/mic1_basys3.sv:251]
WARNING: [Synth 8-7071] port 'reg00D' of module 'IP006_uart_reg32_0' is unconnected for instance 'uart_reg' [C:/Users/emile/OneDrive/files/mic-1-project/verilog/top-level/rtl/mic1_basys3.sv:251]
WARNING: [Synth 8-7071] port 'reg00E' of module 'IP006_uart_reg32_0' is unconnected for instance 'uart_reg' [C:/Users/emile/OneDrive/files/mic-1-project/verilog/top-level/rtl/mic1_basys3.sv:251]
WARNING: [Synth 8-7071] port 'reg00F' of module 'IP006_uart_reg32_0' is unconnected for instance 'uart_reg' [C:/Users/emile/OneDrive/files/mic-1-project/verilog/top-level/rtl/mic1_basys3.sv:251]
WARNING: [Synth 8-7071] port 'uartB_txd' of module 'IP006_uart_reg32_0' is unconnected for instance 'uart_reg' [C:/Users/emile/OneDrive/files/mic-1-project/verilog/top-level/rtl/mic1_basys3.sv:251]
WARNING: [Synth 8-7023] instance 'uart_reg' of module 'IP006_uart_reg32_0' has 41 connections declared, but only 25 given [C:/Users/emile/OneDrive/files/mic-1-project/verilog/top-level/rtl/mic1_basys3.sv:251]
INFO: [Synth 8-6157] synthesizing module 'MUX_DEMUX' [C:/Users/emile/OneDrive/files/mic-1-project/verilog/top-level/top_level_basys3.srcs/sources_1/imports/src/MUX_DEMUX.v:2]
INFO: [Synth 8-6155] done synthesizing module 'MUX_DEMUX' (0#1) [C:/Users/emile/OneDrive/files/mic-1-project/verilog/top-level/top_level_basys3.srcs/sources_1/imports/src/MUX_DEMUX.v:2]
INFO: [Synth 8-6155] done synthesizing module 'mic1_basys3' (0#1) [C:/Users/emile/OneDrive/files/mic-1-project/verilog/top-level/rtl/mic1_basys3.sv:5]
WARNING: [Synth 8-6014] Unused sequential element sample_a_reg was removed.  [C:/Users/emile/OneDrive/files/mic-1-project/verilog/uart/rtl/uart_rx.sv:57]
WARNING: [Synth 8-6014] Unused sequential element sample_c_reg was removed.  [C:/Users/emile/OneDrive/files/mic-1-project/verilog/uart/rtl/uart_rx.sv:59]
WARNING: [Synth 8-6014] Unused sequential element my_input_reg was removed.  [C:/Users/emile/OneDrive/files/mic-1-project/verilog/top-level/rtl/mic1_soc.sv:103]
WARNING: [Synth 8-6014] Unused sequential element tx_start_reg was removed.  [C:/Users/emile/OneDrive/files/mic-1-project/verilog/top-level/rtl/mic1_soc.sv:164]
INFO: [Synth 8-6071] Mark debug on the nets applies keep_hierarchy on instance 'mic1_soc'. This will prevent further optimization [C:/Users/emile/OneDrive/files/mic-1-project/verilog/top-level/rtl/mic1_basys3.sv:224]
INFO: [Synth 8-6071] Mark debug on the nets applies keep_hierarchy on instance 'VGA_IP_0'. This will prevent further optimization [C:/Users/emile/OneDrive/files/mic-1-project/verilog/top-level/rtl/mic1_basys3.sv:106]
INFO: [Synth 8-6071] Mark debug on the nets applies keep_hierarchy on instance 'vio_0'. This will prevent further optimization [C:/Users/emile/OneDrive/files/mic-1-project/verilog/top-level/rtl/mic1_basys3.sv:90]
WARNING: [Synth 8-7129] Port clk in module memory_manager is either unconnected or has no load
WARNING: [Synth 8-7129] Port addr_A[31] in module main_memory is either unconnected or has no load
WARNING: [Synth 8-7129] Port addr_A[30] in module main_memory is either unconnected or has no load
WARNING: [Synth 8-7129] Port addr_A[29] in module main_memory is either unconnected or has no load
WARNING: [Synth 8-7129] Port addr_A[28] in module main_memory is either unconnected or has no load
WARNING: [Synth 8-7129] Port addr_A[27] in module main_memory is either unconnected or has no load
WARNING: [Synth 8-7129] Port addr_A[26] in module main_memory is either unconnected or has no load
WARNING: [Synth 8-7129] Port addr_A[25] in module main_memory is either unconnected or has no load
WARNING: [Synth 8-7129] Port addr_A[24] in module main_memory is either unconnected or has no load
WARNING: [Synth 8-7129] Port addr_A[23] in module main_memory is either unconnected or has no load
WARNING: [Synth 8-7129] Port addr_A[22] in module main_memory is either unconnected or has no load
WARNING: [Synth 8-7129] Port addr_A[21] in module main_memory is either unconnected or has no load
WARNING: [Synth 8-7129] Port addr_A[20] in module main_memory is either unconnected or has no load
WARNING: [Synth 8-7129] Port addr_A[19] in module main_memory is either unconnected or has no load
WARNING: [Synth 8-7129] Port addr_A[18] in module main_memory is either unconnected or has no load
WARNING: [Synth 8-7129] Port addr_A[17] in module main_memory is either unconnected or has no load
WARNING: [Synth 8-7129] Port addr_A[16] in module main_memory is either unconnected or has no load
WARNING: [Synth 8-7129] Port addr_A[15] in module main_memory is either unconnected or has no load
WARNING: [Synth 8-7129] Port addr_A[14] in module main_memory is either unconnected or has no load
WARNING: [Synth 8-7129] Port addr_A[13] in module main_memory is either unconnected or has no load
WARNING: [Synth 8-7129] Port addr_A[12] in module main_memory is either unconnected or has no load
WARNING: [Synth 8-7129] Port addr_A[11] in module main_memory is either unconnected or has no load
WARNING: [Synth 8-7129] Port addr_A[10] in module main_memory is either unconnected or has no load
WARNING: [Synth 8-7129] Port addr_A[9] in module main_memory is either unconnected or has no load
WARNING: [Synth 8-7129] Port addr_A[8] in module main_memory is either unconnected or has no load
WARNING: [Synth 8-7129] Port waddr[8] in module control_store is either unconnected or has no load
WARNING: [Synth 8-7129] Port waddr[7] in module control_store is either unconnected or has no load
WARNING: [Synth 8-7129] Port waddr[6] in module control_store is either unconnected or has no load
WARNING: [Synth 8-7129] Port waddr[5] in module control_store is either unconnected or has no load
WARNING: [Synth 8-7129] Port waddr[4] in module control_store is either unconnected or has no load
WARNING: [Synth 8-7129] Port waddr[3] in module control_store is either unconnected or has no load
WARNING: [Synth 8-7129] Port waddr[2] in module control_store is either unconnected or has no load
WARNING: [Synth 8-7129] Port waddr[1] in module control_store is either unconnected or has no load
WARNING: [Synth 8-7129] Port waddr[0] in module control_store is either unconnected or has no load
---------------------------------------------------------------------------------
Finished RTL Elaboration : Time (s): cpu = 00:00:05 ; elapsed = 00:00:08 . Memory (MB): peak = 4279.520 ; gain = 492.828
---------------------------------------------------------------------------------
---------------------------------------------------------------------------------
Start Handling Custom Attributes
---------------------------------------------------------------------------------
---------------------------------------------------------------------------------
Finished Handling Custom Attributes : Time (s): cpu = 00:00:05 ; elapsed = 00:00:08 . Memory (MB): peak = 4297.414 ; gain = 510.723
---------------------------------------------------------------------------------
---------------------------------------------------------------------------------
Finished RTL Optimization Phase 1 : Time (s): cpu = 00:00:05 ; elapsed = 00:00:08 . Memory (MB): peak = 4297.414 ; gain = 510.723
---------------------------------------------------------------------------------
INFO: [Project 1-454] Reading design checkpoint 'C:/Users/emile/OneDrive/files/mic-1-project/verilog/top-level/.Xil/Vivado-28476-DESKTOP-OIDFPBB/vio_0_1/vio_0.dcp' for cell 'vio_0'
INFO: [Project 1-454] Reading design checkpoint 'C:/Users/emile/OneDrive/files/mic-1-project/verilog/top-level/.Xil/Vivado-28476-DESKTOP-OIDFPBB/VGA_IP_0/VGA_IP_0.dcp' for cell 'VGA_IP_0'
INFO: [Project 1-454] Reading design checkpoint 'C:/Users/emile/OneDrive/files/mic-1-project/verilog/top-level/.Xil/Vivado-28476-DESKTOP-OIDFPBB/IP006_uart_reg32_0_1/IP006_uart_reg32_0.dcp' for cell 'uart_reg'
Netlist sorting complete. Time (s): cpu = 00:00:00 ; elapsed = 00:00:00.144 . Memory (MB): peak = 4328.023 ; gain = 0.000
INFO: [Netlist 29-17] Analyzing 185 Unisim elements for replacement
INFO: [Netlist 29-28] Unisim Transformation completed in 0 CPU seconds
INFO: [Project 1-479] Netlist was created with Vivado 2022.2
INFO: [Project 1-570] Preparing netlist for logic optimization

Processing XDC Constraints
Initializing timing engine
Parsing XDC File [c:/Users/emile/OneDrive/files/mic-1-project/verilog/top-level/top_level_basys3.srcs/sources_1/ip/vio_0_1/vio_0.xdc] for cell 'vio_0'
Finished Parsing XDC File [c:/Users/emile/OneDrive/files/mic-1-project/verilog/top-level/top_level_basys3.srcs/sources_1/ip/vio_0_1/vio_0.xdc] for cell 'vio_0'
INFO: [Project 1-236] Implementation specific constraints were found while reading constraint file [c:/Users/emile/OneDrive/files/mic-1-project/verilog/top-level/top_level_basys3.srcs/sources_1/ip/vio_0_1/vio_0.xdc]. These constraints will be ignored for synthesis but will be used in implementation. Impacted constraints are listed in the file [.Xil/mic1_basys3_propImpl.xdc].
Resolution: To avoid this warning, move constraints listed in [.Xil/mic1_basys3_propImpl.xdc] to another XDC file and exclude this new file from synthesis with the used_in_synthesis property (File Properties dialog in GUI) and re-run elaboration/synthesis.
Parsing XDC File [c:/Users/emile/OneDrive/files/mic-1-project/verilog/top-level/top_level_basys3.srcs/sources_1/ip/VGA_IP_0/src/VGA_IP_clk_wiz_0_0/VGA_IP_clk_wiz_0_0_board.xdc] for cell 'VGA_IP_0/inst/clk_wiz_0/inst'
Finished Parsing XDC File [c:/Users/emile/OneDrive/files/mic-1-project/verilog/top-level/top_level_basys3.srcs/sources_1/ip/VGA_IP_0/src/VGA_IP_clk_wiz_0_0/VGA_IP_clk_wiz_0_0_board.xdc] for cell 'VGA_IP_0/inst/clk_wiz_0/inst'
Parsing XDC File [c:/Users/emile/OneDrive/files/mic-1-project/verilog/top-level/top_level_basys3.srcs/sources_1/ip/VGA_IP_0/src/VGA_IP_clk_wiz_0_0/VGA_IP_clk_wiz_0_0.xdc] for cell 'VGA_IP_0/inst/clk_wiz_0/inst'
Finished Parsing XDC File [c:/Users/emile/OneDrive/files/mic-1-project/verilog/top-level/top_level_basys3.srcs/sources_1/ip/VGA_IP_0/src/VGA_IP_clk_wiz_0_0/VGA_IP_clk_wiz_0_0.xdc] for cell 'VGA_IP_0/inst/clk_wiz_0/inst'
INFO: [Project 1-236] Implementation specific constraints were found while reading constraint file [c:/Users/emile/OneDrive/files/mic-1-project/verilog/top-level/top_level_basys3.srcs/sources_1/ip/VGA_IP_0/src/VGA_IP_clk_wiz_0_0/VGA_IP_clk_wiz_0_0.xdc]. These constraints will be ignored for synthesis but will be used in implementation. Impacted constraints are listed in the file [.Xil/mic1_basys3_propImpl.xdc].
Resolution: To avoid this warning, move constraints listed in [.Xil/mic1_basys3_propImpl.xdc] to another XDC file and exclude this new file from synthesis with the used_in_synthesis property (File Properties dialog in GUI) and re-run elaboration/synthesis.
INFO: [Timing 38-2] Deriving generated clocks
Parsing XDC File [C:/Users/emile/OneDrive/files/mic-1-project/verilog/top-level/top_level_basys3.srcs/constrs_1/new/constrs_1.xdc]
Finished Parsing XDC File [C:/Users/emile/OneDrive/files/mic-1-project/verilog/top-level/top_level_basys3.srcs/constrs_1/new/constrs_1.xdc]
Completed Processing XDC Constraints

Netlist sorting complete. Time (s): cpu = 00:00:00 ; elapsed = 00:00:00.003 . Memory (MB): peak = 4423.168 ; gain = 0.000
INFO: [Project 1-111] Unisim Transformation Summary:
No Unisim elements were transformed.

RTL Elaboration Complete:  : Time (s): cpu = 00:00:12 ; elapsed = 00:00:15 . Memory (MB): peak = 4468.977 ; gain = 682.285
57 Infos, 62 Warnings, 0 Critical Warnings and 0 Errors encountered.
synth_design completed successfully
synth_design: Time (s): cpu = 00:00:16 ; elapsed = 00:00:19 . Memory (MB): peak = 4468.977 ; gain = 1032.020
exit
INFO: [Common 17-206] Exiting Vivado at Thu Jan 12 17:36:21 2023...
